New log file opened at Tue Apr 07 15:26:47 EDT 2015 by 721@Bobs-Macbook-pro-Retina.local
Taking next connection to: 49987
New client attempting to connect on port: 49988-49987
  Address = /129.3.218.21:49987
This client on port 49988 has uuid f7ba1360-bd90-4c8b-87ab-6acc982340d8 configName activator humanReadableName Activator protocolVersion 1 featureTags Vector()
Connected Clients: activator-f7ba1360-bd90-4c8b-87ab-6acc982340d8
Taking next connection to: 49987
New client attempting to connect on port: 49989-49987
  Address = /129.3.218.21:49987
Handshake exception on socket: 49989
sbt.impl.ipc.HandshakeException: Unable to perform handshake
	at sbt.impl.ipc.Peer.handshake(IPC.scala:46)
	at sbt.impl.ipc.MultiClientServer.<init>(IPC.scala:150)
	at sbt.server.SbtServerSocketHandler$$anon$1.run(SbtServerSocketHandler.scala:43)
Caused by: java.io.EOFException
	at java.io.DataInputStream.readInt(DataInputStream.java:392)
	at sbt.impl.ipc.Peer.receive(IPC.scala:95)
	at sbt.impl.ipc.Peer.handshake(IPC.scala:49)
	... 2 more
Taking next connection to: 49987
New client attempting to connect on port: 49990-49987
  Address = /129.3.218.21:49987
This client on port 49990 has uuid 3cd066c6-227c-49e3-beb1-6f3049c676f7 configName play-fork-run humanReadableName Play Fork Run protocolVersion 1 featureTags Vector()
Connected Clients: activator-f7ba1360-bd90-4c8b-87ab-6acc982340d8, play-fork-run-3cd066c6-227c-49e3-beb1-6f3049c676f7
Taking next connection to: 49987
New client attempting to connect on port: 49995-49987
  Address = /129.3.218.21:49987
Handshake exception on socket: 49995
sbt.impl.ipc.HandshakeException: Unable to perform handshake
	at sbt.impl.ipc.Peer.handshake(IPC.scala:46)
	at sbt.impl.ipc.MultiClientServer.<init>(IPC.scala:150)
	at sbt.server.SbtServerSocketHandler$$anon$1.run(SbtServerSocketHandler.scala:43)
Caused by: java.io.EOFException
	at java.io.DataInputStream.readInt(DataInputStream.java:392)
	at sbt.impl.ipc.Peer.receive(IPC.scala:95)
	at sbt.impl.ipc.Peer.handshake(IPC.scala:49)
	... 2 more
Taking next connection to: 49987
New client attempting to connect on port: 49996-49987
  Address = /129.3.218.21:49987
This client on port 49996 has uuid 484bae14-7ba0-45d4-83d8-24586caa1934 configName play-fork-run humanReadableName Play Fork Run protocolVersion 1 featureTags Vector()
Connected Clients: activator-f7ba1360-bd90-4c8b-87ab-6acc982340d8, play-fork-run-484bae14-7ba0-45d4-83d8-24586caa1934
Taking next connection to: 49987
New client attempting to connect on port: 50002-49987
  Address = /129.3.218.21:49987
Handshake exception on socket: 50002
sbt.impl.ipc.HandshakeException: Unable to perform handshake
	at sbt.impl.ipc.Peer.handshake(IPC.scala:46)
	at sbt.impl.ipc.MultiClientServer.<init>(IPC.scala:150)
	at sbt.server.SbtServerSocketHandler$$anon$1.run(SbtServerSocketHandler.scala:43)
Caused by: java.io.EOFException
	at java.io.DataInputStream.readInt(DataInputStream.java:392)
	at sbt.impl.ipc.Peer.receive(IPC.scala:95)
	at sbt.impl.ipc.Peer.handshake(IPC.scala:49)
	... 2 more
Taking next connection to: 49987
New client attempting to connect on port: 50003-49987
  Address = /129.3.218.21:49987
This client on port 50003 has uuid 24f2feb4-8737-4636-a1c8-63f62906bae7 configName play-fork-run humanReadableName Play Fork Run protocolVersion 1 featureTags Vector()
Connected Clients: activator-f7ba1360-bd90-4c8b-87ab-6acc982340d8, play-fork-run-24f2feb4-8737-4636-a1c8-63f62906bae7
Taking next connection to: 49987
New client attempting to connect on port: 50007-49987
  Address = /129.3.218.21:49987
Handshake exception on socket: 50007
sbt.impl.ipc.HandshakeException: Unable to perform handshake
	at sbt.impl.ipc.Peer.handshake(IPC.scala:46)
	at sbt.impl.ipc.MultiClientServer.<init>(IPC.scala:150)
	at sbt.server.SbtServerSocketHandler$$anon$1.run(SbtServerSocketHandler.scala:43)
Caused by: java.io.EOFException
	at java.io.DataInputStream.readInt(DataInputStream.java:392)
	at sbt.impl.ipc.Peer.receive(IPC.scala:95)
	at sbt.impl.ipc.Peer.handshake(IPC.scala:49)
	... 2 more
Taking next connection to: 49987
New client attempting to connect on port: 50008-49987
  Address = /129.3.218.21:49987
This client on port 50008 has uuid 24f3ffcb-23f6-4513-b296-9a6ff1be723d configName play-fork-run humanReadableName Play Fork Run protocolVersion 1 featureTags Vector()
Connected Clients: activator-f7ba1360-bd90-4c8b-87ab-6acc982340d8, play-fork-run-24f3ffcb-23f6-4513-b296-9a6ff1be723d
Taking next connection to: 49987
Checking to see if clients are empty...
We have 1 non-daemon clients, continuing serving connections.
Taking next connection to: 49987
New client attempting to connect on port: 50017-49987
  Address = /129.3.218.21:49987
Handshake exception on socket: 50017
sbt.impl.ipc.HandshakeException: Unable to perform handshake
	at sbt.impl.ipc.Peer.handshake(IPC.scala:46)
	at sbt.impl.ipc.MultiClientServer.<init>(IPC.scala:150)
	at sbt.server.SbtServerSocketHandler$$anon$1.run(SbtServerSocketHandler.scala:43)
Caused by: java.io.EOFException
	at java.io.DataInputStream.readInt(DataInputStream.java:392)
	at sbt.impl.ipc.Peer.receive(IPC.scala:95)
	at sbt.impl.ipc.Peer.handshake(IPC.scala:49)
	... 2 more
Taking next connection to: 49987
New client attempting to connect on port: 50018-49987
  Address = /129.3.218.21:49987
This client on port 50018 has uuid f77fefd6-9145-4c8e-9693-b6b9d3728c32 configName play-fork-run humanReadableName Play Fork Run protocolVersion 1 featureTags Vector()
Connected Clients: activator-f7ba1360-bd90-4c8b-87ab-6acc982340d8, play-fork-run-f77fefd6-9145-4c8e-9693-b6b9d3728c32
Taking next connection to: 49987
Checking to see if clients are empty...
We have 1 non-daemon clients, continuing serving connections.
Taking next connection to: 49987
Checking to see if clients are empty...
We have 1 non-daemon clients, continuing serving connections.
Taking next connection to: 49987
Checking to see if clients are empty...
We have 1 non-daemon clients, continuing serving connections.
Taking next connection to: 49987
Checking to see if clients are empty...
We have 1 non-daemon clients, continuing serving connections.
Taking next connection to: 49987
Checking to see if clients are empty...
We have 1 non-daemon clients, continuing serving connections.
Taking next connection to: 49987
Checking to see if clients are empty...
We have 1 non-daemon clients, continuing serving connections.
Taking next connection to: 49987
Checking to see if clients are empty...
We have 1 non-daemon clients, continuing serving connections.
Taking next connection to: 49987
Checking to see if clients are empty...
We have 1 non-daemon clients, continuing serving connections.
Taking next connection to: 49987
Checking to see if clients are empty...
We have 1 non-daemon clients, continuing serving connections.
Taking next connection to: 49987
Checking to see if clients are empty...
We have 1 non-daemon clients, continuing serving connections.
Taking next connection to: 49987
Checking to see if clients are empty...
We have 1 non-daemon clients, continuing serving connections.
Taking next connection to: 49987
Checking to see if clients are empty...
We have 1 non-daemon clients, continuing serving connections.
Taking next connection to: 49987
Checking to see if clients are empty...
We have 1 non-daemon clients, continuing serving connections.
Taking next connection to: 49987
Checking to see if clients are empty...
We have 1 non-daemon clients, continuing serving connections.
Taking next connection to: 49987
Checking to see if clients are empty...
We have 1 non-daemon clients, continuing serving connections.
Taking next connection to: 49987
Checking to see if clients are empty...
We have 1 non-daemon clients, continuing serving connections.
Taking next connection to: 49987
Checking to see if clients are empty...
We have 1 non-daemon clients, continuing serving connections.
Taking next connection to: 49987
Checking to see if clients are empty...
We have 1 non-daemon clients, continuing serving connections.
Taking next connection to: 49987
Checking to see if clients are empty...
We have 1 non-daemon clients, continuing serving connections.
Taking next connection to: 49987
Checking to see if clients are empty...
We have 1 non-daemon clients, continuing serving connections.
Taking next connection to: 49987
Checking to see if clients are empty...
We have 1 non-daemon clients, continuing serving connections.
Taking next connection to: 49987
Checking to see if clients are empty...
We have 1 non-daemon clients, continuing serving connections.
Taking next connection to: 49987
Checking to see if clients are empty...
We have 1 non-daemon clients, continuing serving connections.
Taking next connection to: 49987
Checking to see if clients are empty...
We have 1 non-daemon clients, continuing serving connections.
Taking next connection to: 49987
Checking to see if clients are empty...
We have 1 non-daemon clients, continuing serving connections.
Taking next connection to: 49987
Checking to see if clients are empty...
We have 1 non-daemon clients, continuing serving connections.
Taking next connection to: 49987
Checking to see if clients are empty...
We have 1 non-daemon clients, continuing serving connections.
Taking next connection to: 49987
Checking to see if clients are empty...
We have 1 non-daemon clients, continuing serving connections.
Taking next connection to: 49987
Checking to see if clients are empty...
We have 1 non-daemon clients, continuing serving connections.
Taking next connection to: 49987
Checking to see if clients are empty...
We have 1 non-daemon clients, continuing serving connections.
Taking next connection to: 49987
Checking to see if clients are empty...
We have 1 non-daemon clients, continuing serving connections.
Taking next connection to: 49987
Checking to see if clients are empty...
We have 1 non-daemon clients, continuing serving connections.
Taking next connection to: 49987
Checking to see if clients are empty...
We have 1 non-daemon clients, continuing serving connections.
Taking next connection to: 49987
Checking to see if clients are empty...
We have 1 non-daemon clients, continuing serving connections.
Taking next connection to: 49987
Checking to see if clients are empty...
We have 1 non-daemon clients, continuing serving connections.
Taking next connection to: 49987
Checking to see if clients are empty...
We have 1 non-daemon clients, continuing serving connections.
Taking next connection to: 49987
Checking to see if clients are empty...
We have 1 non-daemon clients, continuing serving connections.
Taking next connection to: 49987
Checking to see if clients are empty...
We have 1 non-daemon clients, continuing serving connections.
Taking next connection to: 49987
Checking to see if clients are empty...
We have 1 non-daemon clients, continuing serving connections.
Taking next connection to: 49987
Checking to see if clients are empty...
We have 1 non-daemon clients, continuing serving connections.
Taking next connection to: 49987
Checking to see if clients are empty...
We have 1 non-daemon clients, continuing serving connections.
Taking next connection to: 49987
Checking to see if clients are empty...
We have 1 non-daemon clients, continuing serving connections.
Taking next connection to: 49987
Checking to see if clients are empty...
We have 1 non-daemon clients, continuing serving connections.
Taking next connection to: 49987
Checking to see if clients are empty...
We have 1 non-daemon clients, continuing serving connections.
Taking next connection to: 49987
Checking to see if clients are empty...
We have 1 non-daemon clients, continuing serving connections.
Taking next connection to: 49987
Checking to see if clients are empty...
We have 1 non-daemon clients, continuing serving connections.
Taking next connection to: 49987
Checking to see if clients are empty...
We have 1 non-daemon clients, continuing serving connections.
Taking next connection to: 49987
Checking to see if clients are empty...
We have 1 non-daemon clients, continuing serving connections.
Taking next connection to: 49987
Checking to see if clients are empty...
We have 1 non-daemon clients, continuing serving connections.
Taking next connection to: 49987
Checking to see if clients are empty...
We have 1 non-daemon clients, continuing serving connections.
Taking next connection to: 49987
Checking to see if clients are empty...
We have 1 non-daemon clients, continuing serving connections.
Taking next connection to: 49987
Checking to see if clients are empty...
We have 1 non-daemon clients, continuing serving connections.
Taking next connection to: 49987
Checking to see if clients are empty...
We have 1 non-daemon clients, continuing serving connections.
Taking next connection to: 49987
Checking to see if clients are empty...
We have 1 non-daemon clients, continuing serving connections.
Taking next connection to: 49987
Checking to see if clients are empty...
We have 1 non-daemon clients, continuing serving connections.
Taking next connection to: 49987
Checking to see if clients are empty...
We have 1 non-daemon clients, continuing serving connections.
Taking next connection to: 49987
Checking to see if clients are empty...
We have 1 non-daemon clients, continuing serving connections.
Taking next connection to: 49987
Checking to see if clients are empty...
We have 1 non-daemon clients, continuing serving connections.
Taking next connection to: 49987
Checking to see if clients are empty...
We have 1 non-daemon clients, continuing serving connections.
Taking next connection to: 49987
Checking to see if clients are empty...
We have 1 non-daemon clients, continuing serving connections.
Taking next connection to: 49987
Checking to see if clients are empty...
We have 1 non-daemon clients, continuing serving connections.
Taking next connection to: 49987
Checking to see if clients are empty...
We have 1 non-daemon clients, continuing serving connections.
Taking next connection to: 49987
Checking to see if clients are empty...
We have 1 non-daemon clients, continuing serving connections.
Taking next connection to: 49987
Checking to see if clients are empty...
We have 1 non-daemon clients, continuing serving connections.
Taking next connection to: 49987
Checking to see if clients are empty...
We have 1 non-daemon clients, continuing serving connections.
Taking next connection to: 49987
Checking to see if clients are empty...
We have 1 non-daemon clients, continuing serving connections.
Taking next connection to: 49987
Checking to see if clients are empty...
We have 1 non-daemon clients, continuing serving connections.
Taking next connection to: 49987
Checking to see if clients are empty...
We have 1 non-daemon clients, continuing serving connections.
Taking next connection to: 49987
Checking to see if clients are empty...
We have 1 non-daemon clients, continuing serving connections.
Taking next connection to: 49987
Checking to see if clients are empty...
We have 1 non-daemon clients, continuing serving connections.
Taking next connection to: 49987
Checking to see if clients are empty...
We have 1 non-daemon clients, continuing serving connections.
Taking next connection to: 49987
Checking to see if clients are empty...
We have 1 non-daemon clients, continuing serving connections.
Taking next connection to: 49987
