New log file opened at Tue Apr 07 15:26:47 EDT 2015 by 721@Bobs-Macbook-pro-Retina.local
jvm 721@Bobs-Macbook-pro-Retina.local
jvm vmName=Java HotSpot(TM) 64-Bit Server VM vmVendor=Oracle Corporation vmVersion=25.25-b02
jvm specName=Java Virtual Machine Specification specVendor=Oracle Corporation specVersion=1.8
jvm arguments: [-Xms256m, -Xmx1024m, -XX:MetaspaceSize=64m, -XX:MaxMetaspaceSize=256m]
Starting event engine
Starting sbt command engine
Waiting for sbt command engine
Command engine arguments=List()
Command engine baseDirectory=/Users/Bob/play-java
Command engine initial remaining commands List(--initialize, onFailure load-failed, boot, server-send-ready-for-request, server-handle-next-server-request)
> --initialize
> initialize
> onFailure load-failed
> boot
> reload
[Loading] Scanning directory /Users/Bob/play-java/project
[Loading] Found non-root projects 
[Loading] Done in /Users/Bob/play-java/project, returning: ()
deducing auto plugins based on known facts Set(Atom(sbt.plugins.CorePlugin)) and clauses Clauses(List(Clause(Atom(sbt.plugins.JvmPlugin),Set(Atom(sbt.plugins.IvyPlugin))), Clause(Atom(sbt.plugins.JUnitXmlReportPlugin),Set(Atom(sbt.plugins.JvmPlugin))), Clause(Atom(sbt.plugins.CorePlugin),Set(Atom(sbt.plugins.IvyPlugin))), Clause(Atom(sbt.plugins.IvyPlugin),Set(Atom(sbt.plugins.JvmPlugin))), Clause(Atom(sbt.plugins.JvmPlugin),Set(Atom(sbt.plugins.JUnitXmlReportPlugin)))))
  :: deduced result: Matched(sbt.plugins.CorePlugin,sbt.plugins.IvyPlugin,sbt.plugins.JvmPlugin,sbt.plugins.JUnitXmlReportPlugin)
sorting: ns: List(sbt.plugins.CorePlugin, sbt.plugins.IvyPlugin, sbt.plugins.JvmPlugin, sbt.plugins.JUnitXmlReportPlugin)
  :: sorting:: found: List(sbt.plugins.CorePlugin) not found List(sbt.plugins.IvyPlugin, sbt.plugins.JvmPlugin, sbt.plugins.JUnitXmlReportPlugin)
  :: sorting:: found: List(sbt.plugins.CorePlugin, sbt.plugins.IvyPlugin) not found List(sbt.plugins.JvmPlugin, sbt.plugins.JUnitXmlReportPlugin)
  :: sorting:: found: List(sbt.plugins.CorePlugin, sbt.plugins.IvyPlugin, sbt.plugins.JvmPlugin) not found List(sbt.plugins.JUnitXmlReportPlugin)
  :: sorting:: found: List(sbt.plugins.CorePlugin, sbt.plugins.IvyPlugin, sbt.plugins.JvmPlugin, sbt.plugins.JUnitXmlReportPlugin) not found List()
  :: sorted deduced result: List(sbt.plugins.CorePlugin, sbt.plugins.IvyPlugin, sbt.plugins.JvmPlugin, sbt.plugins.JUnitXmlReportPlugin)
[Loading] Done in /Users/Bob/play-java/project, returning: (play-java-build)
Loading project definition from /Users/Bob/play-java/project
Running task... Cancel: sbt.TaskCancellationStrategy$Null$@216d8805, check cycles: false

Initial source changes: 
	removed:Set()
	added: Set()
	modified: Set()
Removed products: Set()
External API changes: API Changes: Set()
Modified binary dependencies: Set()
Initial directly invalidated sources: Set()

Sources indirectly invalidated by:
	product: Set()
	binary dep: Set()
	external source: Set()
All initially invalidated sources: Set()

Copy resource mappings: 
	
[Loading] Scanning directory /Users/Bob/play-java
[Loading] Found root project root w/ remaining 
deducing auto plugins based on known facts Set(Atom(play.PlayJava), Atom(sbt.plugins.CorePlugin)) and clauses Clauses(List(Clause(Atom(sbt.plugins.JvmPlugin),Set(Atom(sbt.plugins.IvyPlugin))), Clause(Atom(sbt.plugins.JUnitXmlReportPlugin),Set(Atom(sbt.plugins.JvmPlugin))), Clause(Atom(play.sbt.forkrun.PlayForkRun),Set(Atom(sbt.plugins.BackgroundRunPlugin))), Clause(Atom(play.sbt.forkrun.PlayForkRun),Set(Atom(play.Play))), Clause(Atom(play.sbt.forkrun.PlayForkRun),Set(Atom(sbt.plugins.SerializersPlugin))), Clause(Atom(play.Play),Set(Atom(com.typesafe.sbt.webdriver.SbtWebDriver))), Clause(Atom(play.Play),Set(Atom(play.twirl.sbt.SbtTwirl))), Clause(Atom(play.Play),Set(Atom(com.typesafe.sbt.jse.SbtJsTask))), Clause(Atom(play.PlayJava),Set(Atom(play.Play))), Clause(Atom(play.PlayScala),Set(Atom(play.Play))), Clause(Atom(play.twirl.sbt.SbtTwirl),Set(Atom(sbt.plugins.JvmPlugin))), Clause(Atom(com.typesafe.sbt.jse.SbtJsEngine),Set(Atom(com.typesafe.sbt.web.SbtWeb))), Clause(Atom(com.typesafe.sbt.jse.SbtJsTask),Set(Atom(com.typesafe.sbt.jse.SbtJsEngine))), Clause(Atom(com.typesafe.sbt.webdriver.SbtWebDriver),Set(Atom(com.typesafe.sbt.web.SbtWeb))), Clause(Atom(sbt.plugins.BackgroundRunPlugin),Set(Atom(sbt.plugins.JvmPlugin))), Clause(Atom(com.typesafe.sbt.coffeescript.SbtCoffeeScript),Set(Atom(com.typesafe.sbt.jse.SbtJsTask))), Clause(Atom(com.typesafe.sbt.less.SbtLess),Set(Atom(com.typesafe.sbt.jse.SbtJsTask))), Clause(Atom(com.typesafe.sbt.jshint.SbtJSHint),Set(Atom(com.typesafe.sbt.jse.SbtJsTask))), Clause(Atom(com.typesafe.sbt.rjs.SbtRjs),Set(Atom(com.typesafe.sbt.jse.SbtJsTask))), Clause(Atom(com.typesafe.sbt.digest.SbtDigest),Set(Atom(com.typesafe.sbt.web.SbtWeb))), Clause(Atom(com.typesafe.sbt.mocha.SbtMocha),Set(Atom(com.typesafe.sbt.jse.SbtJsTask))), Clause(Atom(sbt.plugins.CorePlugin),Set(Atom(sbt.plugins.IvyPlugin))), Clause(Atom(sbt.plugins.IvyPlugin),Set(Atom(sbt.plugins.JvmPlugin))), Clause(Atom(sbt.plugins.JvmPlugin),Set(Atom(sbt.plugins.JUnitXmlReportPlugin))), Clause(And(Set(Atom(sbt.plugins.BackgroundRunPlugin), Atom(play.Play), Atom(sbt.plugins.SerializersPlugin))),Set(Atom(play.sbt.forkrun.PlayForkRun))), Clause(Atom(com.typesafe.sbt.web.SbtWeb),Set(Atom(com.typesafe.sbt.jse.SbtJsEngine))), Clause(Atom(com.typesafe.sbt.jse.SbtJsEngine),Set(Atom(com.typesafe.sbt.jse.SbtJsTask))), Clause(Atom(com.typesafe.sbt.web.SbtWeb),Set(Atom(com.typesafe.sbt.webdriver.SbtWebDriver))), Clause(Atom(sbt.plugins.JvmPlugin),Set(Atom(sbt.plugins.BackgroundRunPlugin))), Clause(Atom(sbt.plugins.CorePlugin),Set(Atom(sbt.plugins.InteractionServicePlugin))), Clause(Atom(sbt.plugins.CorePlugin),Set(Atom(sbt.plugins.SendEventServicePlugin))), Clause(Atom(sbt.plugins.CorePlugin),Set(Atom(sbt.plugins.SerializersPlugin))), Clause(Atom(com.typesafe.sbt.jse.SbtJsTask),Set(Atom(com.typesafe.sbt.coffeescript.SbtCoffeeScript))), Clause(Atom(com.typesafe.sbt.jse.SbtJsTask),Set(Atom(com.typesafe.sbt.less.SbtLess))), Clause(Atom(com.typesafe.sbt.jse.SbtJsTask),Set(Atom(com.typesafe.sbt.jshint.SbtJSHint))), Clause(Atom(com.typesafe.sbt.jse.SbtJsTask),Set(Atom(com.typesafe.sbt.rjs.SbtRjs))), Clause(Atom(com.typesafe.sbt.web.SbtWeb),Set(Atom(com.typesafe.sbt.digest.SbtDigest))), Clause(Atom(com.typesafe.sbt.jse.SbtJsTask),Set(Atom(com.typesafe.sbt.mocha.SbtMocha)))))
  :: deduced result: Matched(sbt.plugins.CorePlugin,play.PlayJava,sbt.plugins.InteractionServicePlugin,sbt.plugins.SendEventServicePlugin,play.Play,sbt.plugins.SerializersPlugin,sbt.plugins.IvyPlugin,sbt.plugins.JvmPlugin,com.typesafe.sbt.jse.SbtJsTask,play.twirl.sbt.SbtTwirl,com.typesafe.sbt.webdriver.SbtWebDriver,com.typesafe.sbt.jshint.SbtJSHint,sbt.plugins.JUnitXmlReportPlugin,com.typesafe.sbt.mocha.SbtMocha,com.typesafe.sbt.less.SbtLess,com.typesafe.sbt.web.SbtWeb,com.typesafe.sbt.rjs.SbtRjs,com.typesafe.sbt.jse.SbtJsEngine,com.typesafe.sbt.coffeescript.SbtCoffeeScript,sbt.plugins.BackgroundRunPlugin,com.typesafe.sbt.digest.SbtDigest,play.sbt.forkrun.PlayForkRun)
sorting: ns: List(sbt.plugins.CorePlugin, play.PlayJava, sbt.plugins.InteractionServicePlugin, sbt.plugins.SendEventServicePlugin, play.Play, sbt.plugins.SerializersPlugin, sbt.plugins.IvyPlugin, sbt.plugins.JvmPlugin, com.typesafe.sbt.jse.SbtJsTask, play.twirl.sbt.SbtTwirl, com.typesafe.sbt.webdriver.SbtWebDriver, com.typesafe.sbt.jshint.SbtJSHint, sbt.plugins.JUnitXmlReportPlugin, com.typesafe.sbt.mocha.SbtMocha, com.typesafe.sbt.less.SbtLess, com.typesafe.sbt.web.SbtWeb, com.typesafe.sbt.rjs.SbtRjs, com.typesafe.sbt.jse.SbtJsEngine, com.typesafe.sbt.coffeescript.SbtCoffeeScript, sbt.plugins.BackgroundRunPlugin, com.typesafe.sbt.digest.SbtDigest, play.sbt.forkrun.PlayForkRun)
  :: sorting:: found: List(sbt.plugins.CorePlugin, com.typesafe.sbt.web.SbtWeb) not found List(play.PlayJava, sbt.plugins.InteractionServicePlugin, sbt.plugins.SendEventServicePlugin, play.Play, sbt.plugins.SerializersPlugin, sbt.plugins.IvyPlugin, sbt.plugins.JvmPlugin, com.typesafe.sbt.jse.SbtJsTask, play.twirl.sbt.SbtTwirl, com.typesafe.sbt.webdriver.SbtWebDriver, com.typesafe.sbt.jshint.SbtJSHint, sbt.plugins.JUnitXmlReportPlugin, com.typesafe.sbt.mocha.SbtMocha, com.typesafe.sbt.less.SbtLess, com.typesafe.sbt.rjs.SbtRjs, com.typesafe.sbt.jse.SbtJsEngine, com.typesafe.sbt.coffeescript.SbtCoffeeScript, sbt.plugins.BackgroundRunPlugin, com.typesafe.sbt.digest.SbtDigest, play.sbt.forkrun.PlayForkRun)
  :: sorting:: found: List(sbt.plugins.CorePlugin, com.typesafe.sbt.web.SbtWeb, sbt.plugins.InteractionServicePlugin, sbt.plugins.SendEventServicePlugin, sbt.plugins.SerializersPlugin, sbt.plugins.IvyPlugin, com.typesafe.sbt.webdriver.SbtWebDriver, com.typesafe.sbt.jse.SbtJsEngine, com.typesafe.sbt.digest.SbtDigest) not found List(play.PlayJava, play.Play, sbt.plugins.JvmPlugin, com.typesafe.sbt.jse.SbtJsTask, play.twirl.sbt.SbtTwirl, com.typesafe.sbt.jshint.SbtJSHint, sbt.plugins.JUnitXmlReportPlugin, com.typesafe.sbt.mocha.SbtMocha, com.typesafe.sbt.less.SbtLess, com.typesafe.sbt.rjs.SbtRjs, com.typesafe.sbt.coffeescript.SbtCoffeeScript, sbt.plugins.BackgroundRunPlugin, play.sbt.forkrun.PlayForkRun)
  :: sorting:: found: List(sbt.plugins.CorePlugin, com.typesafe.sbt.web.SbtWeb, sbt.plugins.InteractionServicePlugin, sbt.plugins.SendEventServicePlugin, sbt.plugins.SerializersPlugin, sbt.plugins.IvyPlugin, com.typesafe.sbt.webdriver.SbtWebDriver, com.typesafe.sbt.jse.SbtJsEngine, com.typesafe.sbt.digest.SbtDigest, sbt.plugins.JvmPlugin, com.typesafe.sbt.jse.SbtJsTask) not found List(play.PlayJava, play.Play, play.twirl.sbt.SbtTwirl, com.typesafe.sbt.jshint.SbtJSHint, sbt.plugins.JUnitXmlReportPlugin, com.typesafe.sbt.mocha.SbtMocha, com.typesafe.sbt.less.SbtLess, com.typesafe.sbt.rjs.SbtRjs, com.typesafe.sbt.coffeescript.SbtCoffeeScript, sbt.plugins.BackgroundRunPlugin, play.sbt.forkrun.PlayForkRun)
  :: sorting:: found: List(sbt.plugins.CorePlugin, com.typesafe.sbt.web.SbtWeb, sbt.plugins.InteractionServicePlugin, sbt.plugins.SendEventServicePlugin, sbt.plugins.SerializersPlugin, sbt.plugins.IvyPlugin, com.typesafe.sbt.webdriver.SbtWebDriver, com.typesafe.sbt.jse.SbtJsEngine, com.typesafe.sbt.digest.SbtDigest, sbt.plugins.JvmPlugin, com.typesafe.sbt.jse.SbtJsTask, play.twirl.sbt.SbtTwirl, com.typesafe.sbt.jshint.SbtJSHint, sbt.plugins.JUnitXmlReportPlugin, com.typesafe.sbt.mocha.SbtMocha, com.typesafe.sbt.less.SbtLess, com.typesafe.sbt.rjs.SbtRjs, com.typesafe.sbt.coffeescript.SbtCoffeeScript, sbt.plugins.BackgroundRunPlugin) not found List(play.PlayJava, play.Play, play.sbt.forkrun.PlayForkRun)
  :: sorting:: found: List(sbt.plugins.CorePlugin, com.typesafe.sbt.web.SbtWeb, sbt.plugins.InteractionServicePlugin, sbt.plugins.SendEventServicePlugin, sbt.plugins.SerializersPlugin, sbt.plugins.IvyPlugin, com.typesafe.sbt.webdriver.SbtWebDriver, com.typesafe.sbt.jse.SbtJsEngine, com.typesafe.sbt.digest.SbtDigest, sbt.plugins.JvmPlugin, com.typesafe.sbt.jse.SbtJsTask, play.twirl.sbt.SbtTwirl, com.typesafe.sbt.jshint.SbtJSHint, sbt.plugins.JUnitXmlReportPlugin, com.typesafe.sbt.mocha.SbtMocha, com.typesafe.sbt.less.SbtLess, com.typesafe.sbt.rjs.SbtRjs, com.typesafe.sbt.coffeescript.SbtCoffeeScript, sbt.plugins.BackgroundRunPlugin, play.Play) not found List(play.PlayJava, play.sbt.forkrun.PlayForkRun)
  :: sorting:: found: List(sbt.plugins.CorePlugin, com.typesafe.sbt.web.SbtWeb, sbt.plugins.InteractionServicePlugin, sbt.plugins.SendEventServicePlugin, sbt.plugins.SerializersPlugin, sbt.plugins.IvyPlugin, com.typesafe.sbt.webdriver.SbtWebDriver, com.typesafe.sbt.jse.SbtJsEngine, com.typesafe.sbt.digest.SbtDigest, sbt.plugins.JvmPlugin, com.typesafe.sbt.jse.SbtJsTask, play.twirl.sbt.SbtTwirl, com.typesafe.sbt.jshint.SbtJSHint, sbt.plugins.JUnitXmlReportPlugin, com.typesafe.sbt.mocha.SbtMocha, com.typesafe.sbt.less.SbtLess, com.typesafe.sbt.rjs.SbtRjs, com.typesafe.sbt.coffeescript.SbtCoffeeScript, sbt.plugins.BackgroundRunPlugin, play.Play, play.PlayJava, play.sbt.forkrun.PlayForkRun) not found List()
  :: sorted deduced result: List(sbt.plugins.CorePlugin, com.typesafe.sbt.web.SbtWeb, sbt.plugins.InteractionServicePlugin, sbt.plugins.SendEventServicePlugin, sbt.plugins.SerializersPlugin, sbt.plugins.IvyPlugin, com.typesafe.sbt.webdriver.SbtWebDriver, com.typesafe.sbt.jse.SbtJsEngine, com.typesafe.sbt.digest.SbtDigest, sbt.plugins.JvmPlugin, com.typesafe.sbt.jse.SbtJsTask, play.twirl.sbt.SbtTwirl, com.typesafe.sbt.jshint.SbtJSHint, sbt.plugins.JUnitXmlReportPlugin, com.typesafe.sbt.mocha.SbtMocha, com.typesafe.sbt.less.SbtLess, com.typesafe.sbt.rjs.SbtRjs, com.typesafe.sbt.coffeescript.SbtCoffeeScript, sbt.plugins.BackgroundRunPlugin, play.Play, play.PlayJava, play.sbt.forkrun.PlayForkRun)
[Loading] Done in /Users/Bob/play-java, returning: (root)
Set current project to play-java-intro (in build file:/Users/Bob/play-java/)
Reapplying settings...
Set current project to play-java-intro (in build file:/Users/Bob/play-java/)
> iflast shell
> server-send-ready-for-request
> server-handle-next-server-request
> {file:/Users/Bob/play-java/}root/compile:discoveredMainClasses
Evaluating tasks: compile:discoveredMainClasses
Running task... Cancel: sbt.server.ServerTaskCancellation@4904de95, check cycles: false

Initial source changes: 
	removed:Set()
	added: Set()
	modified: Set()
Removed products: Set()
External API changes: API Changes: Set()
Modified binary dependencies: Set()
Initial directly invalidated sources: Set()

Sources indirectly invalidated by:
	product: Set()
	binary dep: Set()
	external source: Set()
All initially invalidated sources: Set()

Total time: 1 s, completed Apr 7, 2015 3:26:51 PM
> server-post-command-cleanup
> server-handle-next-server-request
> {file:/Users/Bob/play-java/}root/compile:mainClass
Evaluating tasks: compile:mainClass
Running task... Cancel: sbt.server.ServerTaskCancellation@9b89a55, check cycles: false
Total time: 0 s, completed Apr 7, 2015 3:26:51 PM
> server-post-command-cleanup
> server-handle-next-server-request
> {file:/Users/Bob/play-java/}root/compile:discoveredMainClasses
Evaluating tasks: compile:discoveredMainClasses
Running task... Cancel: sbt.server.ServerTaskCancellation@34b29cb, check cycles: false

Initial source changes: 
	removed:Set()
	added: Set()
	modified: Set()
Removed products: Set()
External API changes: API Changes: Set()
Modified binary dependencies: Set()
Initial directly invalidated sources: Set()

Sources indirectly invalidated by:
	product: Set()
	binary dep: Set()
	external source: Set()
All initially invalidated sources: Set()

Total time: 0 s, completed Apr 7, 2015 3:26:52 PM
> server-post-command-cleanup
> server-handle-next-server-request
> {file:/Users/Bob/play-java/}root/compile:mainClass
Evaluating tasks: compile:mainClass
Running task... Cancel: sbt.server.ServerTaskCancellation@6327aa7, check cycles: false
Total time: 0 s, completed Apr 7, 2015 3:26:52 PM
> server-post-command-cleanup
> server-handle-next-server-request
> backgroundRun
Evaluating tasks: compile:backgroundRun
Running task... Cancel: sbt.server.ServerTaskCancellation@3d35f28c, check cycles: false
Total time: 0 s, completed Apr 7, 2015 3:26:53 PM
> server-post-command-cleanup
> server-handle-next-server-request
> {file:/Users/Bob/play-java/}root/*:playForkConfig
Evaluating tasks: *:playForkConfig
Running task... Cancel: sbt.server.ServerTaskCancellation@20117634, check cycles: false
Total time: 0 s, completed Apr 7, 2015 3:26:55 PM
> server-post-command-cleanup
> server-handle-next-server-request
> root/playForkNotifyStart http://localhost:9000
Evaluating tasks: *:playForkNotifyStart
Running task... Cancel: sbt.server.ServerTaskCancellation@5f55fa92, check cycles: false
Total time: 0 s, completed Apr 7, 2015 3:26:55 PM
> server-post-command-cleanup
> server-handle-next-server-request
> {file:/Users/Bob/play-java/}root/*:playForkReload
Evaluating tasks: *:playForkReload
Running task... Cancel: sbt.server.ServerTaskCancellation@345b5bf0, check cycles: false

Initial source changes: 
	removed:Set()
	added: Set()
	modified: Set()
Removed products: Set()
External API changes: API Changes: Set()
Modified binary dependencies: Set()
Initial directly invalidated sources: Set()

Sources indirectly invalidated by:
	product: Set()
	binary dep: Set()
	external source: Set()
All initially invalidated sources: Set()

Copy resource mappings: 
	(/Users/Bob/play-java/conf/application.conf,/Users/Bob/play-java/target/scala-2.10/classes/application.conf)
	(/Users/Bob/play-java/conf/evolutions,/Users/Bob/play-java/target/scala-2.10/classes/evolutions)
	(/Users/Bob/play-java/conf/routes,/Users/Bob/play-java/target/scala-2.10/classes/routes)
	(/Users/Bob/play-java/conf/evolutions/default,/Users/Bob/play-java/target/scala-2.10/classes/evolutions/default)
	(/Users/Bob/play-java/conf/evolutions/default/1.sql,/Users/Bob/play-java/target/scala-2.10/classes/evolutions/default/1.sql)
Total time: 1 s, completed Apr 7, 2015 3:26:57 PM
> server-post-command-cleanup
> server-handle-next-server-request
> compile
Evaluating tasks: compile:compile
Running task... Cancel: sbt.server.ServerTaskCancellation@56610625, check cycles: false

Initial source changes: 
	removed:Set()
	added: Set()
	modified: Set(/Users/Bob/play-java/app/models/PassConfirm.java)
Removed products: Set()
External API changes: API Changes: Set()
Modified binary dependencies: Set()
Initial directly invalidated sources: Set(/Users/Bob/play-java/app/models/PassConfirm.java)

Sources indirectly invalidated by:
	product: Set()
	binary dep: Set()
	external source: Set()
All initially invalidated sources: Set(/Users/Bob/play-java/app/models/PassConfirm.java)

Read from stdout: Compiling 1 Java source to /Users/Bob/play-java/target/scala-2.10/classes...
Compiling 1 Java source to /Users/Bob/play-java/target/scala-2.10/classes...
Attempting to call com.sun.tools.javac.api.JavacTool@f0f44bf directly...
Java compilation took 0.408035329 s
Java analysis took 0.078120239 s
Java compile + analysis took 0.493892252 s
Invalidating /Users/Bob/play-java/app/models/PassConfirm.java...
Invalidating (transitively) by inheritance from /Users/Bob/play-java/app/models/PassConfirm.java...
Initial set of included nodes: Set(/Users/Bob/play-java/app/models/PassConfirm.java)
Invalidated by transitive inheritance dependency: Set(/Users/Bob/play-java/app/models/PassConfirm.java)
The /Users/Bob/play-java/app/models/PassConfirm.java source file has the following regular definitions changed:
	oldPassword, PassConfirm.
All member reference dependencies will be considered within this context.
Name hashing optimization doesn't apply to non-Scala dependency: /Users/Bob/play-java/app/models/PassConfirm.java
Name hashing optimization doesn't apply to non-Scala dependency: /Users/Bob/play-java/app/controllers/Application.java
New invalidations:
	Set(/Users/Bob/play-java/app/controllers/Application.java)
Initial set of included nodes: Set(/Users/Bob/play-java/app/controllers/Application.java)
Including /Users/Bob/play-java/target/scala-2.10/src_managed/main/routes_routing.scala by /Users/Bob/play-java/app/controllers/Application.java
Including /Users/Bob/play-java/target/scala-2.10/src_managed/main/routes_reverseRouting.scala by /Users/Bob/play-java/target/scala-2.10/src_managed/main/routes_routing.scala
Including /Users/Bob/play-java/target/scala-2.10/twirl/main/views/html/login.template.scala by /Users/Bob/play-java/target/scala-2.10/src_managed/main/routes_reverseRouting.scala
Including /Users/Bob/play-java/target/scala-2.10/twirl/main/views/html/welcome.template.scala by /Users/Bob/play-java/target/scala-2.10/src_managed/main/routes_reverseRouting.scala
Including /Users/Bob/play-java/target/scala-2.10/twirl/main/views/html/setting.template.scala by /Users/Bob/play-java/target/scala-2.10/src_managed/main/routes_reverseRouting.scala
Including /Users/Bob/play-java/target/scala-2.10/twirl/main/views/html/rssnews.template.scala by /Users/Bob/play-java/target/scala-2.10/src_managed/main/routes_reverseRouting.scala
Including /Users/Bob/play-java/target/scala-2.10/twirl/main/views/html/register.template.scala by /Users/Bob/play-java/target/scala-2.10/src_managed/main/routes_reverseRouting.scala
Including /Users/Bob/play-java/target/scala-2.10/twirl/main/views/html/writeblog.template.scala by /Users/Bob/play-java/target/scala-2.10/src_managed/main/routes_reverseRouting.scala
Including /Users/Bob/play-java/target/scala-2.10/src_managed/main/controllers/routes.java by /Users/Bob/play-java/target/scala-2.10/src_managed/main/routes_reverseRouting.scala
Including /Users/Bob/play-java/target/scala-2.10/twirl/main/views/html/viewblog.template.scala by /Users/Bob/play-java/target/scala-2.10/src_managed/main/controllers/routes.java
Previously invalidated, but (transitively) depend on new invalidations:
	Set()
All newly invalidated sources after taking into account (previously) recompiled sources:Set(/Users/Bob/play-java/app/controllers/Application.java)
Read from stdout: Compiling 1 Java source to /Users/Bob/play-java/target/scala-2.10/classes...
Compiling 1 Java source to /Users/Bob/play-java/target/scala-2.10/classes...
Attempting to call com.sun.tools.javac.api.JavacTool@f0f44bf directly...
Read from stdout: /Users/Bob/play-java/app/controllers/Application.java: /Users/Bob/play-java/app/controllers/Application.java uses unchecked or unsafe operations.
/Users/Bob/play-java/app/controllers/Application.java: /Users/Bob/play-java/app/controllers/Application.java uses unchecked or unsafe operations.
Read from stdout: /Users/Bob/play-java/app/controllers/Application.java: Recompile with -Xlint:unchecked for details.
/Users/Bob/play-java/app/controllers/Application.java: Recompile with -Xlint:unchecked for details.
Java compilation took 0.198549213 s
Java analysis took 0.10669074 s
Java compile + analysis took 0.309596996 s
New invalidations:
	Set()
Initial set of included nodes: Set()
Previously invalidated, but (transitively) depend on new invalidations:
	Set()
All newly invalidated sources after taking into account (previously) recompiled sources:Set()
Total time: 2 s, completed Apr 7, 2015 3:27:34 PM
> server-post-command-cleanup
> server-handle-next-server-request
> compile
Evaluating tasks: compile:compile
Running task... Cancel: sbt.server.ServerTaskCancellation@136263f2, check cycles: false

Initial source changes: 
	removed:Set()
	added: Set()
	modified: Set(/Users/Bob/play-java/app/models/PassConfirm.java)
Removed products: Set()
External API changes: API Changes: Set()
Modified binary dependencies: Set()
Initial directly invalidated sources: Set(/Users/Bob/play-java/app/models/PassConfirm.java)

Sources indirectly invalidated by:
	product: Set()
	binary dep: Set()
	external source: Set()
All initially invalidated sources: Set(/Users/Bob/play-java/app/models/PassConfirm.java)

Read from stdout: Compiling 1 Java source to /Users/Bob/play-java/target/scala-2.10/classes...
Compiling 1 Java source to /Users/Bob/play-java/target/scala-2.10/classes...
Attempting to call com.sun.tools.javac.api.JavacTool@1ff39e85 directly...
Read from stdout: /Users/Bob/play-java/app/models/PassConfirm.java:8: cannot find symbol
Read from stdout: symbol: class Models
/Users/Bob/play-java/app/models/PassConfirm.java:8: cannot find symbol
  symbol: class Models
Read from stdout: Models
Models
Read from stdout: (compile:compileIncremental) javac returned nonzero exit code
(compile:31mcompileIncremental0m) javac returned nonzero exit code
Total time: 0 s, completed Apr 7, 2015 3:27:52 PM
> server-post-command-error-handler
> server-post-command-cleanup
> server-handle-next-server-request
> compile
Evaluating tasks: compile:compile
Running task... Cancel: sbt.server.ServerTaskCancellation@3506b2a, check cycles: false

Initial source changes: 
	removed:Set()
	added: Set()
	modified: Set(/Users/Bob/play-java/app/models/PassConfirm.java)
Removed products: Set()
External API changes: API Changes: Set()
Modified binary dependencies: Set()
Initial directly invalidated sources: Set(/Users/Bob/play-java/app/models/PassConfirm.java)

Sources indirectly invalidated by:
	product: Set()
	binary dep: Set()
	external source: Set()
All initially invalidated sources: Set(/Users/Bob/play-java/app/models/PassConfirm.java)

Read from stdout: Compiling 1 Java source to /Users/Bob/play-java/target/scala-2.10/classes...
Compiling 1 Java source to /Users/Bob/play-java/target/scala-2.10/classes...
Attempting to call com.sun.tools.javac.api.JavacTool@1ed0a182 directly...
Java compilation took 0.030199186 s
Java analysis took 0.038900658 s
Java compile + analysis took 0.072673749 s
Invalidating /Users/Bob/play-java/app/models/PassConfirm.java...
Invalidating (transitively) by inheritance from /Users/Bob/play-java/app/models/PassConfirm.java...
Initial set of included nodes: Set(/Users/Bob/play-java/app/models/PassConfirm.java)
Invalidated by transitive inheritance dependency: Set(/Users/Bob/play-java/app/models/PassConfirm.java)
The /Users/Bob/play-java/app/models/PassConfirm.java source file has the following regular definitions changed:
	addPropertyChangeListener, notify, _ebean_setFieldIntercept, idType, cancel, findPagingList, refresh, removePropertyChangeListener, findUnique, findFutureRowCount, nextId, findFutureList, setParameter, wait, server, deleteManyToManyAssociations, setListener, setId, equals, getMaxRows, _ebean_createCopy, serverName, findVisit, all, setReadOnly, Model$Finder, _ebean_setEmbeddedLoaded, query, _ebean_getIntercept, setTimeout, ref, getFirstRow, setQuery, setOrder, _ebean_getFieldNames, byId, setAutofetch, _ebean_getField, notifyAll, _ebean_isEmbeddedNewOrDirty, setUseQueryCache, filter, setRawSql, select, getExpressionFactory, filterMany, _ebean_getMarker, setUseCache, <init>, on, isForUpdate, findSet, saveManyToManyAssociations, getRawSql, order, _ebean_newInstance, findRowCount, orderBy, setMaxRows, findFutureIds, delete, findIds, fetch, copy, setLoadBeanCache, toString, getGeneratedSql, isAutofetchTuned, setMapKey, setBufferFetchSizeHint, PassConfirm, where, setFirstRow, setOrderBy, findIterate, getClass, update, type, save, having, setDistinct, findList, _ebean_setField, setBackgroundFetchAfter, setForUpdate, _ebean_intercept, hashCode, findMap, _ebean_getFieldIntercept.
All member reference dependencies will be considered within this context.
Name hashing optimization doesn't apply to non-Scala dependency: /Users/Bob/play-java/app/models/PassConfirm.java
Name hashing optimization doesn't apply to non-Scala dependency: /Users/Bob/play-java/app/controllers/Application.java
New invalidations:
	Set(/Users/Bob/play-java/app/controllers/Application.java)
Initial set of included nodes: Set(/Users/Bob/play-java/app/controllers/Application.java)
Including /Users/Bob/play-java/target/scala-2.10/src_managed/main/routes_routing.scala by /Users/Bob/play-java/app/controllers/Application.java
Including /Users/Bob/play-java/target/scala-2.10/src_managed/main/routes_reverseRouting.scala by /Users/Bob/play-java/target/scala-2.10/src_managed/main/routes_routing.scala
Including /Users/Bob/play-java/target/scala-2.10/twirl/main/views/html/login.template.scala by /Users/Bob/play-java/target/scala-2.10/src_managed/main/routes_reverseRouting.scala
Including /Users/Bob/play-java/target/scala-2.10/twirl/main/views/html/welcome.template.scala by /Users/Bob/play-java/target/scala-2.10/src_managed/main/routes_reverseRouting.scala
Including /Users/Bob/play-java/target/scala-2.10/twirl/main/views/html/setting.template.scala by /Users/Bob/play-java/target/scala-2.10/src_managed/main/routes_reverseRouting.scala
Including /Users/Bob/play-java/target/scala-2.10/twirl/main/views/html/rssnews.template.scala by /Users/Bob/play-java/target/scala-2.10/src_managed/main/routes_reverseRouting.scala
Including /Users/Bob/play-java/target/scala-2.10/twirl/main/views/html/register.template.scala by /Users/Bob/play-java/target/scala-2.10/src_managed/main/routes_reverseRouting.scala
Including /Users/Bob/play-java/target/scala-2.10/twirl/main/views/html/writeblog.template.scala by /Users/Bob/play-java/target/scala-2.10/src_managed/main/routes_reverseRouting.scala
Including /Users/Bob/play-java/target/scala-2.10/src_managed/main/controllers/routes.java by /Users/Bob/play-java/target/scala-2.10/src_managed/main/routes_reverseRouting.scala
Including /Users/Bob/play-java/target/scala-2.10/twirl/main/views/html/viewblog.template.scala by /Users/Bob/play-java/target/scala-2.10/src_managed/main/controllers/routes.java
Previously invalidated, but (transitively) depend on new invalidations:
	Set()
All newly invalidated sources after taking into account (previously) recompiled sources:Set(/Users/Bob/play-java/app/controllers/Application.java)
Read from stdout: Compiling 1 Java source to /Users/Bob/play-java/target/scala-2.10/classes...
Compiling 1 Java source to /Users/Bob/play-java/target/scala-2.10/classes...
Attempting to call com.sun.tools.javac.api.JavacTool@1ed0a182 directly...
Read from stdout: /Users/Bob/play-java/app/controllers/Application.java: /Users/Bob/play-java/app/controllers/Application.java uses unchecked or unsafe operations.
/Users/Bob/play-java/app/controllers/Application.java: /Users/Bob/play-java/app/controllers/Application.java uses unchecked or unsafe operations.
Read from stdout: /Users/Bob/play-java/app/controllers/Application.java: Recompile with -Xlint:unchecked for details.
/Users/Bob/play-java/app/controllers/Application.java: Recompile with -Xlint:unchecked for details.
Java compilation took 0.108787603 s
Java analysis took 0.083047121 s
Java compile + analysis took 0.195529745 s
New invalidations:
	Set()
Initial set of included nodes: Set()
Previously invalidated, but (transitively) depend on new invalidations:
	Set()
All newly invalidated sources after taking into account (previously) recompiled sources:Set()
Total time: 1 s, completed Apr 7, 2015 3:27:55 PM
> server-post-command-cleanup
> server-handle-next-server-request
> jobStop 1
Evaluating tasks: *:jobStop
Running task... Cancel: sbt.server.ServerTaskCancellation@248a736, check cycles: false
Total time: 0 s, completed Apr 7, 2015 3:27:58 PM
> server-post-command-cleanup
> server-handle-next-server-request
> backgroundRun
Evaluating tasks: compile:backgroundRun
Running task... Cancel: sbt.server.ServerTaskCancellation@61b726c4, check cycles: false
Total time: 0 s, completed Apr 7, 2015 3:28:10 PM
> server-post-command-cleanup
> server-handle-next-server-request
> {file:/Users/Bob/play-java/}root/*:playForkConfig
Evaluating tasks: *:playForkConfig
Running task... Cancel: sbt.server.ServerTaskCancellation@468c35e5, check cycles: false
Total time: 0 s, completed Apr 7, 2015 3:28:11 PM
> server-post-command-cleanup
> server-handle-next-server-request
> root/playForkNotifyStart http://localhost:9000
Evaluating tasks: *:playForkNotifyStart
Running task... Cancel: sbt.server.ServerTaskCancellation@2bc49727, check cycles: false
Total time: 0 s, completed Apr 7, 2015 3:28:12 PM
> server-post-command-cleanup
> server-handle-next-server-request
> {file:/Users/Bob/play-java/}root/*:playForkReload
Evaluating tasks: *:playForkReload
Running task... Cancel: sbt.server.ServerTaskCancellation@2f8b39c1, check cycles: false

Initial source changes: 
	removed:Set()
	added: Set()
	modified: Set()
Removed products: Set()
External API changes: API Changes: Set()
Modified binary dependencies: Set()
Initial directly invalidated sources: Set()

Sources indirectly invalidated by:
	product: Set()
	binary dep: Set()
	external source: Set()
All initially invalidated sources: Set()

Copy resource mappings: 
	(/Users/Bob/play-java/conf/application.conf,/Users/Bob/play-java/target/scala-2.10/classes/application.conf)
	(/Users/Bob/play-java/conf/evolutions,/Users/Bob/play-java/target/scala-2.10/classes/evolutions)
	(/Users/Bob/play-java/conf/routes,/Users/Bob/play-java/target/scala-2.10/classes/routes)
	(/Users/Bob/play-java/conf/evolutions/default,/Users/Bob/play-java/target/scala-2.10/classes/evolutions/default)
	(/Users/Bob/play-java/conf/evolutions/default/1.sql,/Users/Bob/play-java/target/scala-2.10/classes/evolutions/default/1.sql)
Total time: 0 s, completed Apr 7, 2015 3:28:13 PM
> server-post-command-cleanup
> server-handle-next-server-request
> {file:/Users/Bob/play-java/}root/*:playForkReload
Evaluating tasks: *:playForkReload
Running task... Cancel: sbt.server.ServerTaskCancellation@5317c228, check cycles: false

Initial source changes: 
	removed:Set()
	added: Set()
	modified: Set()
Removed products: Set()
External API changes: API Changes: Set()
Modified binary dependencies: Set()
Initial directly invalidated sources: Set()

Sources indirectly invalidated by:
	product: Set()
	binary dep: Set()
	external source: Set()
All initially invalidated sources: Set()

Copy resource mappings: 
	(/Users/Bob/play-java/conf/application.conf,/Users/Bob/play-java/target/scala-2.10/classes/application.conf)
	(/Users/Bob/play-java/conf/evolutions,/Users/Bob/play-java/target/scala-2.10/classes/evolutions)
	(/Users/Bob/play-java/conf/routes,/Users/Bob/play-java/target/scala-2.10/classes/routes)
	(/Users/Bob/play-java/conf/evolutions/default,/Users/Bob/play-java/target/scala-2.10/classes/evolutions/default)
	(/Users/Bob/play-java/conf/evolutions/default/1.sql,/Users/Bob/play-java/target/scala-2.10/classes/evolutions/default/1.sql)
Total time: 0 s, completed Apr 7, 2015 3:28:17 PM
> server-post-command-cleanup
> server-handle-next-server-request
> compile
Evaluating tasks: compile:compile
Running task... Cancel: sbt.server.ServerTaskCancellation@2d1c3c64, check cycles: false

Initial source changes: 
	removed:Set()
	added: Set()
	modified: Set()
Removed products: Set()
External API changes: API Changes: Set()
Modified binary dependencies: Set()
Initial directly invalidated sources: Set()

Sources indirectly invalidated by:
	product: Set()
	binary dep: Set()
	external source: Set()
All initially invalidated sources: Set()

Total time: 0 s, completed Apr 7, 2015 3:28:45 PM
> server-post-command-cleanup
> server-handle-next-server-request
> jobStop 2
Evaluating tasks: *:jobStop
Running task... Cancel: sbt.server.ServerTaskCancellation@4a213c8a, check cycles: false
Total time: 0 s, completed Apr 7, 2015 3:30:31 PM
> server-post-command-cleanup
> server-handle-next-server-request
> backgroundRun
Evaluating tasks: compile:backgroundRun
Running task... Cancel: sbt.server.ServerTaskCancellation@6f17e90b, check cycles: false
Total time: 0 s, completed Apr 7, 2015 3:30:45 PM
> server-post-command-cleanup
> server-handle-next-server-request
> {file:/Users/Bob/play-java/}root/*:playForkConfig
Evaluating tasks: *:playForkConfig
Running task... Cancel: sbt.server.ServerTaskCancellation@4dd94ce5, check cycles: false
Total time: 0 s, completed Apr 7, 2015 3:30:47 PM
> server-post-command-cleanup
> server-handle-next-server-request
> root/playForkNotifyStart http://localhost:9000
Evaluating tasks: *:playForkNotifyStart
Running task... Cancel: sbt.server.ServerTaskCancellation@35748cc0, check cycles: false
Total time: 0 s, completed Apr 7, 2015 3:30:48 PM
> server-post-command-cleanup
> server-handle-next-server-request
> {file:/Users/Bob/play-java/}root/*:playForkReload
Evaluating tasks: *:playForkReload
Running task... Cancel: sbt.server.ServerTaskCancellation@25007db1, check cycles: false

Initial source changes: 
	removed:Set()
	added: Set()
	modified: Set()
Removed products: Set()
External API changes: API Changes: Set()
Modified binary dependencies: Set()
Initial directly invalidated sources: Set()

Sources indirectly invalidated by:
	product: Set()
	binary dep: Set()
	external source: Set()
All initially invalidated sources: Set()

Copy resource mappings: 
	(/Users/Bob/play-java/conf/application.conf,/Users/Bob/play-java/target/scala-2.10/classes/application.conf)
	(/Users/Bob/play-java/conf/evolutions,/Users/Bob/play-java/target/scala-2.10/classes/evolutions)
	(/Users/Bob/play-java/conf/routes,/Users/Bob/play-java/target/scala-2.10/classes/routes)
	(/Users/Bob/play-java/conf/evolutions/default,/Users/Bob/play-java/target/scala-2.10/classes/evolutions/default)
	(/Users/Bob/play-java/conf/evolutions/default/1.sql,/Users/Bob/play-java/target/scala-2.10/classes/evolutions/default/1.sql)
Total time: 0 s, completed Apr 7, 2015 3:30:49 PM
> server-post-command-cleanup
> server-handle-next-server-request
> jobStop 3
Evaluating tasks: *:jobStop
Running task... Cancel: sbt.server.ServerTaskCancellation@58aff7b5, check cycles: false
Total time: 0 s, completed Apr 7, 2015 3:31:47 PM
> server-post-command-cleanup
> server-handle-next-server-request
> backgroundRun
Evaluating tasks: compile:backgroundRun
Running task... Cancel: sbt.server.ServerTaskCancellation@35f12927, check cycles: false
Total time: 0 s, completed Apr 7, 2015 3:31:58 PM
> server-post-command-cleanup
> server-handle-next-server-request
> {file:/Users/Bob/play-java/}root/*:playForkConfig
Evaluating tasks: *:playForkConfig
Running task... Cancel: sbt.server.ServerTaskCancellation@4374e92e, check cycles: false
Total time: 0 s, completed Apr 7, 2015 3:32:00 PM
> server-post-command-cleanup
> server-handle-next-server-request
> root/playForkNotifyStart http://localhost:9000
Evaluating tasks: *:playForkNotifyStart
Running task... Cancel: sbt.server.ServerTaskCancellation@7a109751, check cycles: false
Total time: 0 s, completed Apr 7, 2015 3:32:01 PM
> server-post-command-cleanup
> server-handle-next-server-request
> {file:/Users/Bob/play-java/}root/*:playForkReload
Evaluating tasks: *:playForkReload
Running task... Cancel: sbt.server.ServerTaskCancellation@40aa40a4, check cycles: false

Initial source changes: 
	removed:Set()
	added: Set()
	modified: Set()
Removed products: Set()
External API changes: API Changes: Set()
Modified binary dependencies: Set()
Initial directly invalidated sources: Set()

Sources indirectly invalidated by:
	product: Set()
	binary dep: Set()
	external source: Set()
All initially invalidated sources: Set()

Copy resource mappings: 
	(/Users/Bob/play-java/conf/application.conf,/Users/Bob/play-java/target/scala-2.10/classes/application.conf)
	(/Users/Bob/play-java/conf/evolutions,/Users/Bob/play-java/target/scala-2.10/classes/evolutions)
	(/Users/Bob/play-java/conf/routes,/Users/Bob/play-java/target/scala-2.10/classes/routes)
	(/Users/Bob/play-java/conf/evolutions/default,/Users/Bob/play-java/target/scala-2.10/classes/evolutions/default)
	(/Users/Bob/play-java/conf/evolutions/default/1.sql,/Users/Bob/play-java/target/scala-2.10/classes/evolutions/default/1.sql)
Total time: 0 s, completed Apr 7, 2015 3:32:02 PM
> server-post-command-cleanup
> server-handle-next-server-request
> jobStop 4
Evaluating tasks: *:jobStop
Running task... Cancel: sbt.server.ServerTaskCancellation@70ef6992, check cycles: false
Total time: 0 s, completed Apr 7, 2015 3:34:56 PM
> server-post-command-cleanup
> server-handle-next-server-request
> compile
Evaluating tasks: compile:compile
Running task... Cancel: sbt.server.ServerTaskCancellation@f44a026, check cycles: false

Initial source changes: 
	removed:Set()
	added: Set()
	modified: Set(/Users/Bob/play-java/target/scala-2.10/twirl/main/views/html/setting.template.scala)
Removed products: Set()
External API changes: API Changes: Set()
Modified binary dependencies: Set()
Initial directly invalidated sources: Set(/Users/Bob/play-java/target/scala-2.10/twirl/main/views/html/setting.template.scala)

Sources indirectly invalidated by:
	product: Set()
	binary dep: Set()
	external source: Set()
All initially invalidated sources: Set(/Users/Bob/play-java/target/scala-2.10/twirl/main/views/html/setting.template.scala)

Read from stdout: Compiling 1 Scala source to /Users/Bob/play-java/target/scala-2.10/classes...
Compiling 1 Scala source to /Users/Bob/play-java/target/scala-2.10/classes...
Getting compiler-interface from component compiler for Scala 2.10.4
Getting compiler-interface from component compiler for Scala 2.10.4
Running cached compiler d0dd566, interfacing (CompilerInterface) with Scala compiler version 2.10.4
Calling Scala compiler with arguments  (CompilerInterface):
	-deprecation
	-unchecked
	-encoding
	utf8
	-bootclasspath
	/Library/Java/JavaVirtualMachines/jdk1.8.0_25.jdk/Contents/Home/jre/lib/resources.jar:/Library/Java/JavaVirtualMachines/jdk1.8.0_25.jdk/Contents/Home/jre/lib/rt.jar:/Library/Java/JavaVirtualMachines/jdk1.8.0_25.jdk/Contents/Home/jre/lib/sunrsasign.jar:/Library/Java/JavaVirtualMachines/jdk1.8.0_25.jdk/Contents/Home/jre/lib/jsse.jar:/Library/Java/JavaVirtualMachines/jdk1.8.0_25.jdk/Contents/Home/jre/lib/jce.jar:/Library/Java/JavaVirtualMachines/jdk1.8.0_25.jdk/Contents/Home/jre/lib/charsets.jar:/Library/Java/JavaVirtualMachines/jdk1.8.0_25.jdk/Contents/Home/jre/lib/jfr.jar:/Library/Java/JavaVirtualMachines/jdk1.8.0_25.jdk/Contents/Home/jre/classes:/Users/Bob/.sbt/boot/scala-2.10.4/lib/scala-library.jar
	-classpath
	/Users/Bob/play-java/target/scala-2.10/classes:/Users/Bob/play-java/lib/javax.servlet-api.jar:/Users/Bob/play-java/lib/jdom-1.1.3.jar:/Users/Bob/play-java/lib/mysql-connector-java-5.0.8-bin.jar:/Users/Bob/play-java/lib/rome-1.0.jar:/Users/Bob/.ivy2/cache/com.typesafe.play/twirl-api_2.10/jars/twirl-api_2.10-1.0.2.jar:/Users/Bob/.ivy2/cache/org.apache.commons/commons-lang3/jars/commons-lang3-3.1.jar:/Users/Bob/.ivy2/cache/com.typesafe.play/play_2.10/jars/play_2.10-2.3.8.jar:/Users/Bob/.ivy2/cache/com.typesafe.play/build-link/jars/build-link-2.3.8.jar:/Users/Bob/.ivy2/cache/com.typesafe.play/play-exceptions/jars/play-exceptions-2.3.8.jar:/Users/Bob/.ivy2/cache/com.typesafe.play/play-iteratees_2.10/jars/play-iteratees_2.10-2.3.8.jar:/Users/Bob/.ivy2/cache/org.scala-stm/scala-stm_2.10/jars/scala-stm_2.10-0.7.jar:/Users/Bob/.ivy2/cache/com.typesafe/config/bundles/config-1.2.1.jar:/Users/Bob/.ivy2/cache/com.typesafe.play/play-json_2.10/jars/play-json_2.10-2.3.8.jar:/Users/Bob/.ivy2/cache/com.typesafe.play/play-functional_2.10/jars/play-functional_2.10-2.3.8.jar:/Users/Bob/.ivy2/cache/com.typesafe.play/play-datacommons_2.10/jars/play-datacommons_2.10-2.3.8.jar:/Users/Bob/.ivy2/cache/joda-time/joda-time/jars/joda-time-2.3.jar:/Users/Bob/.ivy2/cache/org.joda/joda-convert/jars/joda-convert-1.6.jar:/Users/Bob/.ivy2/cache/com.fasterxml.jackson.core/jackson-annotations/bundles/jackson-annotations-2.3.2.jar:/Users/Bob/.ivy2/cache/com.fasterxml.jackson.core/jackson-core/bundles/jackson-core-2.3.2.jar:/Users/Bob/.ivy2/cache/com.fasterxml.jackson.core/jackson-databind/bundles/jackson-databind-2.3.2.jar:/Users/Bob/.sbt/boot/scala-2.10.4/lib/scala-reflect.jar:/Users/Bob/.ivy2/cache/io.netty/netty/bundles/netty-3.9.3.Final.jar:/Users/Bob/.ivy2/cache/com.typesafe.netty/netty-http-pipelining/jars/netty-http-pipelining-1.1.2.jar:/Users/Bob/.ivy2/cache/org.slf4j/slf4j-api/jars/slf4j-api-1.7.6.jar:/Users/Bob/.ivy2/cache/org.slf4j/jul-to-slf4j/jars/jul-to-slf4j-1.7.6.jar:/Users/Bob/.ivy2/cache/org.slf4j/jcl-over-slf4j/jars/jcl-over-slf4j-1.7.6.jar:/Users/Bob/.ivy2/cache/ch.qos.logback/logback-core/jars/logback-core-1.1.1.jar:/Users/Bob/.ivy2/cache/ch.qos.logback/logback-classic/jars/logback-classic-1.1.1.jar:/Users/Bob/.ivy2/cache/com.typesafe.akka/akka-actor_2.10/jars/akka-actor_2.10-2.3.4.jar:/Users/Bob/.ivy2/cache/com.typesafe.akka/akka-slf4j_2.10/jars/akka-slf4j_2.10-2.3.4.jar:/Users/Bob/.ivy2/cache/commons-codec/commons-codec/jars/commons-codec-1.9.jar:/Users/Bob/.ivy2/cache/xerces/xercesImpl/jars/xercesImpl-2.11.0.jar:/Users/Bob/.ivy2/cache/xml-apis/xml-apis/jars/xml-apis-1.4.01.jar:/Users/Bob/.ivy2/cache/javax.transaction/jta/jars/jta-1.1.jar:/Users/Bob/.ivy2/cache/com.typesafe.play/play-java_2.10/jars/play-java_2.10-2.3.8.jar:/Users/Bob/.ivy2/cache/org.yaml/snakeyaml/bundles/snakeyaml-1.13.jar:/Users/Bob/.ivy2/cache/org.hibernate/hibernate-validator/jars/hibernate-validator-5.0.3.Final.jar:/Users/Bob/.ivy2/cache/javax.validation/validation-api/jars/validation-api-1.1.0.Final.jar:/Users/Bob/.ivy2/cache/com.fasterxml/classmate/bundles/classmate-1.0.0.jar:/Users/Bob/.ivy2/cache/org.jboss.logging/jboss-logging/jars/jboss-logging-3.2.0.Final.jar:/Users/Bob/.ivy2/cache/org.springframework/spring-context/jars/spring-context-4.0.3.RELEASE.jar:/Users/Bob/.ivy2/cache/org.springframework/spring-core/jars/spring-core-4.0.3.RELEASE.jar:/Users/Bob/.ivy2/cache/org.springframework/spring-beans/jars/spring-beans-4.0.3.RELEASE.jar:/Users/Bob/.ivy2/cache/org.javassist/javassist/bundles/javassist-3.19.0-GA.jar:/Users/Bob/.ivy2/cache/org.reflections/reflections/jars/reflections-0.9.8.jar:/Users/Bob/.ivy2/cache/com.google.guava/guava/bundles/guava-16.0.1.jar:/Users/Bob/.ivy2/cache/dom4j/dom4j/jars/dom4j-1.6.1.jar:/Users/Bob/.ivy2/cache/com.google.code.findbugs/jsr305/jars/jsr305-2.0.3.jar:/Users/Bob/.ivy2/cache/org.apache.tomcat/tomcat-servlet-api/jars/tomcat-servlet-api-8.0.5.jar:/Users/Bob/.ivy2/cache/com.typesafe.play/play-java-jdbc_2.10/jars/play-java-jdbc_2.10-2.3.8.jar:/Users/Bob/.ivy2/cache/com.typesafe.play/play-jdbc_2.10/jars/play-jdbc_2.10-2.3.8.jar:/Users/Bob/.ivy2/cache/com.jolbox/bonecp/bundles/bonecp-0.8.0.RELEASE.jar:/Users/Bob/.ivy2/cache/com.h2database/h2/jars/h2-1.3.175.jar:/Users/Bob/.ivy2/cache/tyrex/tyrex/jars/tyrex-1.0.1.jar:/Users/Bob/.ivy2/cache/com.typesafe.play/play-java-ebean_2.10/jars/play-java-ebean_2.10-2.3.8.jar:/Users/Bob/.ivy2/cache/org.avaje.ebeanorm/avaje-ebeanorm/jars/avaje-ebeanorm-3.3.4.jar:/Users/Bob/.ivy2/cache/org.avaje.ebeanorm/avaje-ebeanorm-agent/jars/avaje-ebeanorm-agent-3.2.2.jar:/Users/Bob/.ivy2/cache/org.hibernate.javax.persistence/hibernate-jpa-2.0-api/jars/hibernate-jpa-2.0-api-1.0.1.Final.jar
Scala compilation took 1.350684644 s
New invalidations:
	Set()
Initial set of included nodes: Set()
Previously invalidated, but (transitively) depend on new invalidations:
	Set()
All newly invalidated sources after taking into account (previously) recompiled sources:Set()
Total time: 2 s, completed Apr 7, 2015 3:35:02 PM
> server-post-command-cleanup
> server-handle-next-server-request
> backgroundRun
Evaluating tasks: compile:backgroundRun
Running task... Cancel: sbt.server.ServerTaskCancellation@4fdf65ef, check cycles: false
Total time: 0 s, completed Apr 7, 2015 3:35:06 PM
> server-post-command-cleanup
> server-handle-next-server-request
> {file:/Users/Bob/play-java/}root/*:playForkConfig
Evaluating tasks: *:playForkConfig
Running task... Cancel: sbt.server.ServerTaskCancellation@6f4e6692, check cycles: false
Total time: 0 s, completed Apr 7, 2015 3:35:08 PM
> server-post-command-cleanup
> server-handle-next-server-request
> root/playForkNotifyStart http://localhost:9000
Evaluating tasks: *:playForkNotifyStart
Running task... Cancel: sbt.server.ServerTaskCancellation@7c70424d, check cycles: false
Total time: 0 s, completed Apr 7, 2015 3:35:09 PM
> server-post-command-cleanup
> server-handle-next-server-request
> {file:/Users/Bob/play-java/}root/*:playForkReload
Evaluating tasks: *:playForkReload
Running task... Cancel: sbt.server.ServerTaskCancellation@2660ed8d, check cycles: false

Initial source changes: 
	removed:Set()
	added: Set()
	modified: Set()
Removed products: Set()
External API changes: API Changes: Set()
Modified binary dependencies: Set()
Initial directly invalidated sources: Set()

Sources indirectly invalidated by:
	product: Set()
	binary dep: Set()
	external source: Set()
All initially invalidated sources: Set()

Copy resource mappings: 
	(/Users/Bob/play-java/conf/application.conf,/Users/Bob/play-java/target/scala-2.10/classes/application.conf)
	(/Users/Bob/play-java/conf/evolutions,/Users/Bob/play-java/target/scala-2.10/classes/evolutions)
	(/Users/Bob/play-java/conf/routes,/Users/Bob/play-java/target/scala-2.10/classes/routes)
	(/Users/Bob/play-java/conf/evolutions/default,/Users/Bob/play-java/target/scala-2.10/classes/evolutions/default)
	(/Users/Bob/play-java/conf/evolutions/default/1.sql,/Users/Bob/play-java/target/scala-2.10/classes/evolutions/default/1.sql)
Total time: 0 s, completed Apr 7, 2015 3:36:02 PM
> server-post-command-cleanup
> server-handle-next-server-request
> {file:/Users/Bob/play-java/}root/*:playForkReload
Evaluating tasks: *:playForkReload
Running task... Cancel: sbt.server.ServerTaskCancellation@60915426, check cycles: false

Initial source changes: 
	removed:Set()
	added: Set()
	modified: Set()
Removed products: Set()
External API changes: API Changes: Set()
Modified binary dependencies: Set()
Initial directly invalidated sources: Set()

Sources indirectly invalidated by:
	product: Set()
	binary dep: Set()
	external source: Set()
All initially invalidated sources: Set()

Copy resource mappings: 
	(/Users/Bob/play-java/conf/application.conf,/Users/Bob/play-java/target/scala-2.10/classes/application.conf)
	(/Users/Bob/play-java/conf/evolutions,/Users/Bob/play-java/target/scala-2.10/classes/evolutions)
	(/Users/Bob/play-java/conf/routes,/Users/Bob/play-java/target/scala-2.10/classes/routes)
	(/Users/Bob/play-java/conf/evolutions/default,/Users/Bob/play-java/target/scala-2.10/classes/evolutions/default)
	(/Users/Bob/play-java/conf/evolutions/default/1.sql,/Users/Bob/play-java/target/scala-2.10/classes/evolutions/default/1.sql)
Total time: 0 s, completed Apr 7, 2015 3:37:49 PM
> server-post-command-cleanup
> server-handle-next-server-request
> {file:/Users/Bob/play-java/}root/*:playForkReload
Evaluating tasks: *:playForkReload
Running task... Cancel: sbt.server.ServerTaskCancellation@4c069f6a, check cycles: false

Initial source changes: 
	removed:Set()
	added: Set()
	modified: Set()
Removed products: Set()
External API changes: API Changes: Set()
Modified binary dependencies: Set()
Initial directly invalidated sources: Set()

Sources indirectly invalidated by:
	product: Set()
	binary dep: Set()
	external source: Set()
All initially invalidated sources: Set()

Copy resource mappings: 
	(/Users/Bob/play-java/conf/application.conf,/Users/Bob/play-java/target/scala-2.10/classes/application.conf)
	(/Users/Bob/play-java/conf/evolutions,/Users/Bob/play-java/target/scala-2.10/classes/evolutions)
	(/Users/Bob/play-java/conf/routes,/Users/Bob/play-java/target/scala-2.10/classes/routes)
	(/Users/Bob/play-java/conf/evolutions/default,/Users/Bob/play-java/target/scala-2.10/classes/evolutions/default)
	(/Users/Bob/play-java/conf/evolutions/default/1.sql,/Users/Bob/play-java/target/scala-2.10/classes/evolutions/default/1.sql)
Total time: 0 s, completed Apr 7, 2015 3:38:59 PM
> server-post-command-cleanup
> server-handle-next-server-request
> {file:/Users/Bob/play-java/}root/*:playForkReload
Evaluating tasks: *:playForkReload
Running task... Cancel: sbt.server.ServerTaskCancellation@41c293c4, check cycles: false

Initial source changes: 
	removed:Set()
	added: Set()
	modified: Set()
Removed products: Set()
External API changes: API Changes: Set()
Modified binary dependencies: Set()
Initial directly invalidated sources: Set()

Sources indirectly invalidated by:
	product: Set()
	binary dep: Set()
	external source: Set()
All initially invalidated sources: Set()

Copy resource mappings: 
	(/Users/Bob/play-java/conf/application.conf,/Users/Bob/play-java/target/scala-2.10/classes/application.conf)
	(/Users/Bob/play-java/conf/evolutions,/Users/Bob/play-java/target/scala-2.10/classes/evolutions)
	(/Users/Bob/play-java/conf/routes,/Users/Bob/play-java/target/scala-2.10/classes/routes)
	(/Users/Bob/play-java/conf/evolutions/default,/Users/Bob/play-java/target/scala-2.10/classes/evolutions/default)
	(/Users/Bob/play-java/conf/evolutions/default/1.sql,/Users/Bob/play-java/target/scala-2.10/classes/evolutions/default/1.sql)
Total time: 0 s, completed Apr 7, 2015 3:39:19 PM
> server-post-command-cleanup
> server-handle-next-server-request
> {file:/Users/Bob/play-java/}root/*:playForkReload
Evaluating tasks: *:playForkReload
Running task... Cancel: sbt.server.ServerTaskCancellation@6520201d, check cycles: false

Initial source changes: 
	removed:Set()
	added: Set()
	modified: Set()
Removed products: Set()
External API changes: API Changes: Set()
Modified binary dependencies: Set()
Initial directly invalidated sources: Set()

Sources indirectly invalidated by:
	product: Set()
	binary dep: Set()
	external source: Set()
All initially invalidated sources: Set()

Copy resource mappings: 
	(/Users/Bob/play-java/conf/application.conf,/Users/Bob/play-java/target/scala-2.10/classes/application.conf)
	(/Users/Bob/play-java/conf/evolutions,/Users/Bob/play-java/target/scala-2.10/classes/evolutions)
	(/Users/Bob/play-java/conf/routes,/Users/Bob/play-java/target/scala-2.10/classes/routes)
	(/Users/Bob/play-java/conf/evolutions/default,/Users/Bob/play-java/target/scala-2.10/classes/evolutions/default)
	(/Users/Bob/play-java/conf/evolutions/default/1.sql,/Users/Bob/play-java/target/scala-2.10/classes/evolutions/default/1.sql)
Total time: 0 s, completed Apr 7, 2015 3:41:11 PM
> server-post-command-cleanup
> server-handle-next-server-request
